<?xml version="1.0" encoding="UTF-8"?>
<!-- Generated by org.testng.reporters.JUnitXMLReporter -->
<testsuite hostname="DESKTOP-DFDQ44H" ignored="2" name="Test" tests="2" failures="1" timestamp="17 Mar 2022 06:30:54 GMT" time="50.302" errors="0">
  <testcase name="CreateoraganizationTest" time="10.701" classname="com.crm.OraganizationTests.CreateOraganizationTest">
    <failure type="java.lang.AssertionError" message="null">
      <![CDATA[java.lang.AssertionError: null
at com.crm.OraganizationTests.CreateOraganizationTest.CreateoraganizationTest(CreateOraganizationTest.java:26)
... Removed 27 stack frames]]>
    </failure>
  </testcase> <!-- CreateoraganizationTest -->
  <testcase name="CreateOrgtest" time="15.662" classname="com.crm.OraganizationTests.CreateOrgTest"/>
  <testcase name="@AfterSuite closeDB" time="0.0" classname="com.crm.GenericLibrary.BaseClass">
    <ignored/>
  </testcase> <!-- @AfterSuite closeDB -->
  <testcase name="@BeforeSuite connectDataBase" time="0.0" classname="com.crm.GenericLibrary.BaseClass">
    <ignored/>
  </testcase> <!-- @BeforeSuite connectDataBase -->
</testsuite> <!-- Test -->
